mongod --help for help and startup options
Thu Jul 16 22:40:35 [initandlisten] MongoDB starting : pid=58292 port=27017 dbpath=/data/db/ 64-bit host=TestingSolr
Thu Jul 16 22:40:35 [initandlisten] 
Thu Jul 16 22:40:35 [initandlisten] ** WARNING: You are running on a NUMA machine.
Thu Jul 16 22:40:35 [initandlisten] **          We suggest launching mongod like this to avoid performance problems:
Thu Jul 16 22:40:35 [initandlisten] **              numactl --interleave=all mongod [other options]
Thu Jul 16 22:40:35 [initandlisten] 
Thu Jul 16 22:40:35 [initandlisten] db version v2.0.4, pdfile version 4.5
Thu Jul 16 22:40:35 [initandlisten] git version: nogitversion
Thu Jul 16 22:40:35 [initandlisten] build info: Linux lamiak 2.6.42-37-generic #58-Ubuntu SMP Thu Jan 24 15:28:10 UTC 2013 x86_64 BOOST_LIB_VERSION=1_46_1
Thu Jul 16 22:40:35 [initandlisten] options: {}
Thu Jul 16 22:40:35 [initandlisten] exception in initAndListen: 10309 Unable to create/open lock file: /data/db/mongod.lock errno:13 Permission denied Is a mongod instance already running?, terminating
Thu Jul 16 22:40:35 dbexit: 
Thu Jul 16 22:40:35 [initandlisten] shutdown: going to close listening sockets...
Thu Jul 16 22:40:35 [initandlisten] shutdown: going to flush diaglog...
Thu Jul 16 22:40:35 [initandlisten] shutdown: going to close sockets...
Thu Jul 16 22:40:35 [initandlisten] shutdown: waiting for fs preallocator...
Thu Jul 16 22:40:35 [initandlisten] shutdown: lock for final commit...
Thu Jul 16 22:40:35 [initandlisten] shutdown: final commit...
Thu Jul 16 22:40:35 [initandlisten] shutdown: closing all files...
Thu Jul 16 22:40:35 [initandlisten] closeAllFiles() finished
Thu Jul 16 22:40:35 [initandlisten] shutdown: removing fs lock...
Thu Jul 16 22:40:35 [initandlisten] couldn't remove fs lock errno:9 Bad file descriptor
Thu Jul 16 22:40:35 dbexit: really exiting now
